{"/Users/new/Documents/project-2/my-project-2/frontend-project-lvl2/__tests__/tests-utils.js": {"path":"/Users/new/Documents/project-2/my-project-2/frontend-project-lvl2/__tests__/tests-utils.js","all":false,"statementMap":{"0":{"start":{"line":1,"column":0},"end":{"line":1,"column":36}},"1":{"start":{"line":2,"column":0},"end":{"line":2,"column":25}},"2":{"start":{"line":3,"column":0},"end":{"line":3,"column":29}},"3":{"start":{"line":4,"column":0},"end":{"line":4,"column":31}},"4":{"start":{"line":5,"column":0},"end":{"line":5,"column":0}},"5":{"start":{"line":6,"column":0},"end":{"line":6,"column":50}},"6":{"start":{"line":7,"column":0},"end":{"line":7,"column":38}},"7":{"start":{"line":8,"column":0},"end":{"line":8,"column":0}},"8":{"start":{"line":9,"column":0},"end":{"line":9,"column":120}},"9":{"start":{"line":10,"column":0},"end":{"line":10,"column":113}}},"s":{"0":1,"1":1,"2":1,"3":1,"4":1,"5":1,"6":1,"7":1,"8":1,"9":1},"branchMap":{"0":{"type":"branch","line":9,"loc":{"start":{"line":9,"column":30},"end":{"line":9,"column":60}},"locations":[{"start":{"line":9,"column":30},"end":{"line":9,"column":60}}]},"1":{"type":"branch","line":10,"loc":{"start":{"line":10,"column":24},"end":{"line":10,"column":52}},"locations":[{"start":{"line":10,"column":24},"end":{"line":10,"column":52}}]}},"b":{"0":[8],"1":[4]},"fnMap":{"0":{"name":"getFixturePath","decl":{"start":{"line":9,"column":30},"end":{"line":9,"column":60}},"loc":{"start":{"line":9,"column":30},"end":{"line":9,"column":60}},"line":9},"1":{"name":"readFile","decl":{"start":{"line":10,"column":24},"end":{"line":10,"column":52}},"loc":{"start":{"line":10,"column":24},"end":{"line":10,"column":52}},"line":10}},"f":{"0":8,"1":4}}
,"/Users/new/Documents/project-2/my-project-2/frontend-project-lvl2/src/index.js": {"path":"/Users/new/Documents/project-2/my-project-2/frontend-project-lvl2/src/index.js","all":false,"statementMap":{"0":{"start":{"line":1,"column":0},"end":{"line":1,"column":49}},"1":{"start":{"line":2,"column":0},"end":{"line":2,"column":33}},"2":{"start":{"line":3,"column":0},"end":{"line":3,"column":35}},"3":{"start":{"line":4,"column":0},"end":{"line":4,"column":33}},"4":{"start":{"line":5,"column":0},"end":{"line":5,"column":49}},"5":{"start":{"line":6,"column":0},"end":{"line":6,"column":0}},"6":{"start":{"line":7,"column":0},"end":{"line":7,"column":95}},"7":{"start":{"line":8,"column":0},"end":{"line":8,"column":0}},"8":{"start":{"line":9,"column":0},"end":{"line":9,"column":50}},"9":{"start":{"line":10,"column":0},"end":{"line":10,"column":0}},"10":{"start":{"line":11,"column":0},"end":{"line":11,"column":61}},"11":{"start":{"line":12,"column":0},"end":{"line":12,"column":62}},"12":{"start":{"line":13,"column":0},"end":{"line":13,"column":0}},"13":{"start":{"line":14,"column":0},"end":{"line":14,"column":32}},"14":{"start":{"line":15,"column":0},"end":{"line":15,"column":47}},"15":{"start":{"line":16,"column":0},"end":{"line":16,"column":0}},"16":{"start":{"line":17,"column":0},"end":{"line":17,"column":41}},"17":{"start":{"line":18,"column":0},"end":{"line":18,"column":65}},"18":{"start":{"line":19,"column":0},"end":{"line":19,"column":16}},"19":{"start":{"line":20,"column":0},"end":{"line":20,"column":14}},"20":{"start":{"line":21,"column":0},"end":{"line":21,"column":23}},"21":{"start":{"line":22,"column":0},"end":{"line":22,"column":47}},"22":{"start":{"line":23,"column":0},"end":{"line":23,"column":10}},"23":{"start":{"line":24,"column":0},"end":{"line":24,"column":7}},"24":{"start":{"line":25,"column":0},"end":{"line":25,"column":0}},"25":{"start":{"line":26,"column":0},"end":{"line":26,"column":36}},"26":{"start":{"line":27,"column":0},"end":{"line":27,"column":16}},"27":{"start":{"line":28,"column":0},"end":{"line":28,"column":14}},"28":{"start":{"line":29,"column":0},"end":{"line":29,"column":28}},"29":{"start":{"line":30,"column":0},"end":{"line":30,"column":30}},"30":{"start":{"line":31,"column":0},"end":{"line":31,"column":10}},"31":{"start":{"line":32,"column":0},"end":{"line":32,"column":7}},"32":{"start":{"line":33,"column":0},"end":{"line":33,"column":0}},"33":{"start":{"line":34,"column":0},"end":{"line":34,"column":46}},"34":{"start":{"line":35,"column":0},"end":{"line":35,"column":16}},"35":{"start":{"line":36,"column":0},"end":{"line":36,"column":14}},"36":{"start":{"line":37,"column":0},"end":{"line":37,"column":26}},"37":{"start":{"line":38,"column":0},"end":{"line":38,"column":30}},"38":{"start":{"line":39,"column":0},"end":{"line":39,"column":10}},"39":{"start":{"line":40,"column":0},"end":{"line":40,"column":7}},"40":{"start":{"line":41,"column":0},"end":{"line":41,"column":0}},"41":{"start":{"line":42,"column":0},"end":{"line":42,"column":46}},"42":{"start":{"line":43,"column":0},"end":{"line":43,"column":16}},"43":{"start":{"line":44,"column":0},"end":{"line":44,"column":14}},"44":{"start":{"line":45,"column":0},"end":{"line":45,"column":24}},"45":{"start":{"line":46,"column":0},"end":{"line":46,"column":30}},"46":{"start":{"line":47,"column":0},"end":{"line":47,"column":10}},"47":{"start":{"line":48,"column":0},"end":{"line":48,"column":7}},"48":{"start":{"line":49,"column":0},"end":{"line":49,"column":0}},"49":{"start":{"line":50,"column":0},"end":{"line":50,"column":36}},"50":{"start":{"line":51,"column":0},"end":{"line":51,"column":16}},"51":{"start":{"line":52,"column":0},"end":{"line":52,"column":14}},"52":{"start":{"line":53,"column":0},"end":{"line":53,"column":26}},"53":{"start":{"line":54,"column":0},"end":{"line":54,"column":30}},"54":{"start":{"line":55,"column":0},"end":{"line":55,"column":30}},"55":{"start":{"line":56,"column":0},"end":{"line":56,"column":10}},"56":{"start":{"line":57,"column":0},"end":{"line":57,"column":7}},"57":{"start":{"line":58,"column":0},"end":{"line":58,"column":0}},"58":{"start":{"line":59,"column":0},"end":{"line":59,"column":49}},"59":{"start":{"line":60,"column":0},"end":{"line":60,"column":7}},"60":{"start":{"line":61,"column":0},"end":{"line":61,"column":0}},"61":{"start":{"line":62,"column":0},"end":{"line":62,"column":55}},"62":{"start":{"line":63,"column":0},"end":{"line":63,"column":33}},"63":{"start":{"line":64,"column":0},"end":{"line":64,"column":4}},"64":{"start":{"line":65,"column":0},"end":{"line":65,"column":0}},"65":{"start":{"line":66,"column":0},"end":{"line":66,"column":28}},"66":{"start":{"line":67,"column":0},"end":{"line":67,"column":2}},"67":{"start":{"line":68,"column":0},"end":{"line":68,"column":0}},"68":{"start":{"line":69,"column":0},"end":{"line":69,"column":51}},"69":{"start":{"line":70,"column":0},"end":{"line":70,"column":56}},"70":{"start":{"line":71,"column":0},"end":{"line":71,"column":41}},"71":{"start":{"line":72,"column":0},"end":{"line":72,"column":25}},"72":{"start":{"line":73,"column":0},"end":{"line":73,"column":2}},"73":{"start":{"line":74,"column":0},"end":{"line":74,"column":0}},"74":{"start":{"line":75,"column":0},"end":{"line":75,"column":23}}},"s":{"0":1,"1":1,"2":1,"3":1,"4":1,"5":1,"6":1,"7":1,"8":1,"9":1,"10":1,"11":2,"12":2,"13":2,"14":10,"15":10,"16":10,"17":36,"18":8,"19":8,"20":8,"21":8,"22":8,"23":8,"24":28,"25":36,"26":6,"27":6,"28":6,"29":6,"30":6,"31":6,"32":22,"33":36,"34":4,"35":4,"36":4,"37":4,"38":4,"39":4,"40":18,"41":36,"42":10,"43":10,"44":10,"45":10,"46":10,"47":10,"48":8,"49":8,"50":8,"51":8,"52":8,"53":8,"54":8,"55":8,"56":8,"57":0,"58":0,"59":0,"60":10,"61":10,"62":10,"63":10,"64":2,"65":2,"66":2,"67":1,"68":1,"69":0,"70":0,"71":0,"72":0,"73":1,"74":1},"branchMap":{"0":{"type":"branch","line":7,"loc":{"start":{"line":7,"column":23},"end":{"line":7,"column":51}},"locations":[{"start":{"line":7,"column":23},"end":{"line":7,"column":51}}]},"1":{"type":"branch","line":9,"loc":{"start":{"line":9,"column":12},"end":{"line":9,"column":32}},"locations":[{"start":{"line":9,"column":12},"end":{"line":9,"column":32}}]},"2":{"type":"branch","line":11,"loc":{"start":{"line":11,"column":34},"end":{"line":67,"column":2}},"locations":[{"start":{"line":11,"column":34},"end":{"line":67,"column":2}}]},"3":{"type":"branch","line":14,"loc":{"start":{"line":14,"column":15},"end":{"line":64,"column":4}},"locations":[{"start":{"line":14,"column":15},"end":{"line":64,"column":4}}]},"4":{"type":"branch","line":17,"loc":{"start":{"line":17,"column":32},"end":{"line":60,"column":7}},"locations":[{"start":{"line":17,"column":32},"end":{"line":60,"column":7}}]},"5":{"type":"branch","line":18,"loc":{"start":{"line":18,"column":10},"end":{"line":18,"column":52}},"locations":[{"start":{"line":18,"column":10},"end":{"line":18,"column":52}}]},"6":{"type":"branch","line":18,"loc":{"start":{"line":18,"column":64},"end":{"line":24,"column":7}},"locations":[{"start":{"line":18,"column":64},"end":{"line":24,"column":7}}]},"7":{"type":"branch","line":25,"loc":{"start":{"line":25,"column":-1},"end":{"line":26,"column":10}},"locations":[{"start":{"line":25,"column":-1},"end":{"line":26,"column":10}}]},"8":{"type":"branch","line":26,"loc":{"start":{"line":26,"column":35},"end":{"line":32,"column":7}},"locations":[{"start":{"line":26,"column":35},"end":{"line":32,"column":7}}]},"9":{"type":"branch","line":33,"loc":{"start":{"line":33,"column":-1},"end":{"line":34,"column":13}},"locations":[{"start":{"line":33,"column":-1},"end":{"line":34,"column":13}}]},"10":{"type":"branch","line":34,"loc":{"start":{"line":34,"column":10},"end":{"line":34,"column":33}},"locations":[{"start":{"line":34,"column":10},"end":{"line":34,"column":33}}]},"11":{"type":"branch","line":34,"loc":{"start":{"line":34,"column":45},"end":{"line":40,"column":7}},"locations":[{"start":{"line":34,"column":45},"end":{"line":40,"column":7}}]},"12":{"type":"branch","line":41,"loc":{"start":{"line":41,"column":-1},"end":{"line":42,"column":11}},"locations":[{"start":{"line":41,"column":-1},"end":{"line":42,"column":11}}]},"13":{"type":"branch","line":42,"loc":{"start":{"line":42,"column":10},"end":{"line":42,"column":33}},"locations":[{"start":{"line":42,"column":10},"end":{"line":42,"column":33}}]},"14":{"type":"branch","line":42,"loc":{"start":{"line":42,"column":45},"end":{"line":48,"column":7}},"locations":[{"start":{"line":42,"column":45},"end":{"line":48,"column":7}}]},"15":{"type":"branch","line":49,"loc":{"start":{"line":49,"column":-1},"end":{"line":57,"column":7}},"locations":[{"start":{"line":49,"column":-1},"end":{"line":57,"column":7}}]},"16":{"type":"branch","line":58,"loc":{"start":{"line":58,"column":-1},"end":{"line":60,"column":7}},"locations":[{"start":{"line":58,"column":-1},"end":{"line":60,"column":7}}]}},"b":{"0":[10],"1":[62],"2":[2],"3":[10],"4":[36],"5":[12],"6":[8],"7":[28],"8":[6],"9":[22],"10":[12],"11":[4],"12":[18],"13":[10],"14":[10],"15":[8],"16":[0]},"fnMap":{"0":{"name":"getObjectsKeys","decl":{"start":{"line":7,"column":23},"end":{"line":7,"column":51}},"loc":{"start":{"line":7,"column":23},"end":{"line":7,"column":51}},"line":7},"1":{"name":"has","decl":{"start":{"line":9,"column":12},"end":{"line":9,"column":32}},"loc":{"start":{"line":9,"column":12},"end":{"line":9,"column":32}},"line":9},"2":{"name":"generateDifference","decl":{"start":{"line":11,"column":34},"end":{"line":67,"column":2}},"loc":{"start":{"line":11,"column":34},"end":{"line":67,"column":2}},"line":11},"3":{"name":"iter","decl":{"start":{"line":14,"column":15},"end":{"line":64,"column":4}},"loc":{"start":{"line":14,"column":15},"end":{"line":64,"column":4}},"line":14},"4":{"name":"gendiff","decl":{"start":{"line":69,"column":16},"end":{"line":73,"column":2}},"loc":{"start":{"line":69,"column":16},"end":{"line":73,"column":2}},"line":69}},"f":{"0":10,"1":62,"2":2,"3":10,"4":0}}
,"/Users/new/Documents/project-2/my-project-2/frontend-project-lvl2/src/parsers.js": {"path":"/Users/new/Documents/project-2/my-project-2/frontend-project-lvl2/src/parsers.js","all":false,"statementMap":{"0":{"start":{"line":1,"column":0},"end":{"line":1,"column":25}},"1":{"start":{"line":2,"column":0},"end":{"line":2,"column":29}},"2":{"start":{"line":3,"column":0},"end":{"line":3,"column":27}},"3":{"start":{"line":4,"column":0},"end":{"line":4,"column":0}},"4":{"start":{"line":5,"column":0},"end":{"line":5,"column":29}},"5":{"start":{"line":6,"column":0},"end":{"line":6,"column":37}},"6":{"start":{"line":7,"column":0},"end":{"line":7,"column":41}},"7":{"start":{"line":8,"column":0},"end":{"line":8,"column":0}},"8":{"start":{"line":9,"column":0},"end":{"line":9,"column":24}},"9":{"start":{"line":10,"column":0},"end":{"line":10,"column":36}},"10":{"start":{"line":11,"column":0},"end":{"line":11,"column":3}},"11":{"start":{"line":12,"column":0},"end":{"line":12,"column":42}},"12":{"start":{"line":13,"column":0},"end":{"line":13,"column":27}},"13":{"start":{"line":14,"column":0},"end":{"line":14,"column":3}},"14":{"start":{"line":15,"column":0},"end":{"line":15,"column":0}},"15":{"start":{"line":16,"column":0},"end":{"line":16,"column":14}},"16":{"start":{"line":17,"column":0},"end":{"line":17,"column":2}},"17":{"start":{"line":18,"column":0},"end":{"line":18,"column":0}},"18":{"start":{"line":19,"column":0},"end":{"line":19,"column":21}}},"s":{"0":1,"1":1,"2":1,"3":1,"4":1,"5":4,"6":4,"7":4,"8":4,"9":2,"10":2,"11":4,"12":2,"13":2,"14":0,"15":0,"16":0,"17":1,"18":1},"branchMap":{"0":{"type":"branch","line":5,"loc":{"start":{"line":5,"column":15},"end":{"line":17,"column":2}},"locations":[{"start":{"line":5,"column":15},"end":{"line":17,"column":2}}]},"1":{"type":"branch","line":9,"loc":{"start":{"line":9,"column":23},"end":{"line":12,"column":9}},"locations":[{"start":{"line":9,"column":23},"end":{"line":12,"column":9}}]},"2":{"type":"branch","line":12,"loc":{"start":{"line":12,"column":6},"end":{"line":12,"column":41}},"locations":[{"start":{"line":12,"column":6},"end":{"line":12,"column":41}}]},"3":{"type":"branch","line":12,"loc":{"start":{"line":12,"column":41},"end":{"line":14,"column":3}},"locations":[{"start":{"line":12,"column":41},"end":{"line":14,"column":3}}]},"4":{"type":"branch","line":15,"loc":{"start":{"line":15,"column":-1},"end":{"line":17,"column":2}},"locations":[{"start":{"line":15,"column":-1},"end":{"line":17,"column":2}}]}},"b":{"0":[4],"1":[2],"2":[0],"3":[2],"4":[0]},"fnMap":{"0":{"name":"parse","decl":{"start":{"line":5,"column":15},"end":{"line":17,"column":2}},"loc":{"start":{"line":5,"column":15},"end":{"line":17,"column":2}},"line":5}},"f":{"0":4}}
,"/Users/new/Documents/project-2/my-project-2/frontend-project-lvl2/src/formatters/index.js": {"path":"/Users/new/Documents/project-2/my-project-2/frontend-project-lvl2/src/formatters/index.js","all":false,"statementMap":{"0":{"start":{"line":1,"column":0},"end":{"line":1,"column":38}},"1":{"start":{"line":2,"column":0},"end":{"line":2,"column":41}},"2":{"start":{"line":3,"column":0},"end":{"line":3,"column":43}},"3":{"start":{"line":4,"column":0},"end":{"line":4,"column":0}},"4":{"start":{"line":5,"column":0},"end":{"line":5,"column":28}},"5":{"start":{"line":6,"column":0},"end":{"line":6,"column":19}},"6":{"start":{"line":7,"column":0},"end":{"line":7,"column":17}},"7":{"start":{"line":8,"column":0},"end":{"line":8,"column":31}},"8":{"start":{"line":9,"column":0},"end":{"line":9,"column":16}},"9":{"start":{"line":10,"column":0},"end":{"line":10,"column":30}},"10":{"start":{"line":11,"column":0},"end":{"line":11,"column":12}},"11":{"start":{"line":12,"column":0},"end":{"line":12,"column":24}},"12":{"start":{"line":13,"column":0},"end":{"line":13,"column":3}},"13":{"start":{"line":14,"column":0},"end":{"line":14,"column":2}}},"s":{"0":1,"1":1,"2":1,"3":1,"4":1,"5":0,"6":0,"7":0,"8":0,"9":0,"10":0,"11":0,"12":0,"13":0},"branchMap":{},"b":{},"fnMap":{"0":{"name":"default","decl":{"start":{"line":5,"column":16},"end":{"line":14,"column":2}},"loc":{"start":{"line":5,"column":16},"end":{"line":14,"column":2}},"line":5}},"f":{"0":0}}
,"/Users/new/Documents/project-2/my-project-2/frontend-project-lvl2/src/formatters/json.js": {"path":"/Users/new/Documents/project-2/my-project-2/frontend-project-lvl2/src/formatters/json.js","all":false,"statementMap":{"0":{"start":{"line":1,"column":0},"end":{"line":1,"column":55}}},"s":{"0":1},"branchMap":{},"b":{},"fnMap":{"0":{"name":"default","decl":{"start":{"line":1,"column":16},"end":{"line":1,"column":29}},"loc":{"start":{"line":1,"column":16},"end":{"line":1,"column":29}},"line":1}},"f":{"0":0}}
,"/Users/new/Documents/project-2/my-project-2/frontend-project-lvl2/src/formatters/plain.js": {"path":"/Users/new/Documents/project-2/my-project-2/frontend-project-lvl2/src/formatters/plain.js","all":false,"statementMap":{"0":{"start":{"line":1,"column":0},"end":{"line":1,"column":49}},"1":{"start":{"line":2,"column":0},"end":{"line":2,"column":39}},"2":{"start":{"line":3,"column":0},"end":{"line":3,"column":0}},"3":{"start":{"line":4,"column":0},"end":{"line":4,"column":34}},"4":{"start":{"line":5,"column":0},"end":{"line":5,"column":53}},"5":{"start":{"line":6,"column":0},"end":{"line":6,"column":43}},"6":{"start":{"line":7,"column":0},"end":{"line":7,"column":15}},"7":{"start":{"line":8,"column":0},"end":{"line":8,"column":2}},"8":{"start":{"line":9,"column":0},"end":{"line":9,"column":0}},"9":{"start":{"line":10,"column":0},"end":{"line":10,"column":72}},"10":{"start":{"line":11,"column":0},"end":{"line":11,"column":0}},"11":{"start":{"line":12,"column":0},"end":{"line":12,"column":60}},"12":{"start":{"line":13,"column":0},"end":{"line":13,"column":48}},"13":{"start":{"line":14,"column":0},"end":{"line":14,"column":48}},"14":{"start":{"line":15,"column":0},"end":{"line":15,"column":40}},"15":{"start":{"line":16,"column":0},"end":{"line":16,"column":0}},"16":{"start":{"line":17,"column":0},"end":{"line":17,"column":17}},"17":{"start":{"line":18,"column":0},"end":{"line":18,"column":19}},"18":{"start":{"line":19,"column":0},"end":{"line":19,"column":76}},"19":{"start":{"line":20,"column":0},"end":{"line":20,"column":30}},"20":{"start":{"line":21,"column":0},"end":{"line":21,"column":0}},"21":{"start":{"line":22,"column":0},"end":{"line":22,"column":17}},"22":{"start":{"line":23,"column":0},"end":{"line":23,"column":60}},"23":{"start":{"line":24,"column":0},"end":{"line":24,"column":30}},"24":{"start":{"line":25,"column":0},"end":{"line":25,"column":0}},"25":{"start":{"line":26,"column":0},"end":{"line":26,"column":12}},"26":{"start":{"line":27,"column":0},"end":{"line":27,"column":33}},"27":{"start":{"line":28,"column":0},"end":{"line":28,"column":30}},"28":{"start":{"line":29,"column":0},"end":{"line":29,"column":3}},"29":{"start":{"line":30,"column":0},"end":{"line":30,"column":2}},"30":{"start":{"line":31,"column":0},"end":{"line":31,"column":0}},"31":{"start":{"line":32,"column":0},"end":{"line":32,"column":37}},"32":{"start":{"line":33,"column":0},"end":{"line":33,"column":20}},"33":{"start":{"line":34,"column":0},"end":{"line":34,"column":40}},"34":{"start":{"line":35,"column":0},"end":{"line":35,"column":39}},"35":{"start":{"line":36,"column":0},"end":{"line":36,"column":62}},"36":{"start":{"line":37,"column":0},"end":{"line":37,"column":21}},"37":{"start":{"line":38,"column":0},"end":{"line":38,"column":35}},"38":{"start":{"line":39,"column":0},"end":{"line":39,"column":25}},"39":{"start":{"line":40,"column":0},"end":{"line":40,"column":25}},"40":{"start":{"line":41,"column":0},"end":{"line":41,"column":8}},"41":{"start":{"line":42,"column":0},"end":{"line":42,"column":0}},"42":{"start":{"line":43,"column":0},"end":{"line":43,"column":36}},"43":{"start":{"line":44,"column":0},"end":{"line":44,"column":62}},"44":{"start":{"line":45,"column":0},"end":{"line":45,"column":7}},"45":{"start":{"line":46,"column":0},"end":{"line":46,"column":0}},"46":{"start":{"line":47,"column":0},"end":{"line":47,"column":41}},"47":{"start":{"line":48,"column":0},"end":{"line":48,"column":27}},"48":{"start":{"line":49,"column":0},"end":{"line":49,"column":71}},"49":{"start":{"line":50,"column":0},"end":{"line":50,"column":10}},"50":{"start":{"line":51,"column":0},"end":{"line":51,"column":7}},"51":{"start":{"line":52,"column":0},"end":{"line":52,"column":0}},"52":{"start":{"line":53,"column":0},"end":{"line":53,"column":18}},"53":{"start":{"line":54,"column":0},"end":{"line":54,"column":7}},"54":{"start":{"line":55,"column":0},"end":{"line":55,"column":4}},"55":{"start":{"line":56,"column":0},"end":{"line":56,"column":17}},"56":{"start":{"line":57,"column":0},"end":{"line":57,"column":27}},"57":{"start":{"line":58,"column":0},"end":{"line":58,"column":2}},"58":{"start":{"line":59,"column":0},"end":{"line":59,"column":0}},"59":{"start":{"line":60,"column":0},"end":{"line":60,"column":33}}},"s":{"0":1,"1":1,"2":1,"3":1,"4":22,"5":22,"6":11,"7":11,"8":1,"9":1,"10":1,"11":1,"12":11,"13":11,"14":11,"15":11,"16":11,"17":11,"18":4,"19":11,"20":11,"21":11,"22":5,"23":11,"24":11,"25":11,"26":2,"27":11,"28":11,"29":11,"30":1,"31":1,"32":1,"33":1,"34":5,"35":18,"36":18,"37":18,"38":18,"39":18,"40":18,"41":18,"42":18,"43":4,"44":4,"45":14,"46":18,"47":11,"48":11,"49":11,"50":11,"51":3,"52":3,"53":3,"54":5,"55":1,"56":1,"57":1,"58":1,"59":1},"branchMap":{"0":{"type":"branch","line":4,"loc":{"start":{"line":4,"column":23},"end":{"line":8,"column":2}},"locations":[{"start":{"line":4,"column":23},"end":{"line":8,"column":2}}]},"1":{"type":"branch","line":5,"loc":{"start":{"line":5,"column":28},"end":{"line":5,"column":35}},"locations":[{"start":{"line":5,"column":28},"end":{"line":5,"column":35}}]},"2":{"type":"branch","line":5,"loc":{"start":{"line":5,"column":28},"end":{"line":6,"column":6}},"locations":[{"start":{"line":5,"column":28},"end":{"line":6,"column":6}}]},"3":{"type":"branch","line":6,"loc":{"start":{"line":6,"column":23},"end":{"line":6,"column":31}},"locations":[{"start":{"line":6,"column":23},"end":{"line":6,"column":31}}]},"4":{"type":"branch","line":6,"loc":{"start":{"line":6,"column":23},"end":{"line":8,"column":2}},"locations":[{"start":{"line":6,"column":23},"end":{"line":8,"column":2}}]},"5":{"type":"branch","line":10,"loc":{"start":{"line":10,"column":16},"end":{"line":10,"column":40}},"locations":[{"start":{"line":10,"column":16},"end":{"line":10,"column":40}}]},"6":{"type":"branch","line":12,"loc":{"start":{"line":12,"column":23},"end":{"line":30,"column":2}},"locations":[{"start":{"line":12,"column":23},"end":{"line":30,"column":2}}]},"7":{"type":"branch","line":18,"loc":{"start":{"line":18,"column":4},"end":{"line":20,"column":13}},"locations":[{"start":{"line":18,"column":4},"end":{"line":20,"column":13}}]},"8":{"type":"branch","line":22,"loc":{"start":{"line":22,"column":4},"end":{"line":24,"column":13}},"locations":[{"start":{"line":22,"column":4},"end":{"line":24,"column":13}}]},"9":{"type":"branch","line":26,"loc":{"start":{"line":26,"column":4},"end":{"line":28,"column":13}},"locations":[{"start":{"line":26,"column":4},"end":{"line":28,"column":13}}]},"10":{"type":"branch","line":32,"loc":{"start":{"line":32,"column":27},"end":{"line":58,"column":2}},"locations":[{"start":{"line":32,"column":27},"end":{"line":58,"column":2}}]},"11":{"type":"branch","line":34,"loc":{"start":{"line":34,"column":15},"end":{"line":55,"column":4}},"locations":[{"start":{"line":34,"column":15},"end":{"line":55,"column":4}}]},"12":{"type":"branch","line":35,"loc":{"start":{"line":35,"column":26},"end":{"line":54,"column":7}},"locations":[{"start":{"line":35,"column":26},"end":{"line":54,"column":7}}]},"13":{"type":"branch","line":43,"loc":{"start":{"line":43,"column":35},"end":{"line":45,"column":7}},"locations":[{"start":{"line":43,"column":35},"end":{"line":45,"column":7}}]},"14":{"type":"branch","line":46,"loc":{"start":{"line":46,"column":-1},"end":{"line":47,"column":10}},"locations":[{"start":{"line":46,"column":-1},"end":{"line":47,"column":10}}]},"15":{"type":"branch","line":47,"loc":{"start":{"line":47,"column":40},"end":{"line":51,"column":7}},"locations":[{"start":{"line":47,"column":40},"end":{"line":51,"column":7}}]},"16":{"type":"branch","line":52,"loc":{"start":{"line":52,"column":-1},"end":{"line":54,"column":7}},"locations":[{"start":{"line":52,"column":-1},"end":{"line":54,"column":7}}]}},"b":{"0":[22],"1":[4],"2":[18],"3":[7],"4":[11],"5":[18],"6":[11],"7":[4],"8":[5],"9":[2],"10":[1],"11":[5],"12":[18],"13":[4],"14":[14],"15":[11],"16":[3]},"fnMap":{"0":{"name":"getPlainValue","decl":{"start":{"line":4,"column":23},"end":{"line":8,"column":2}},"loc":{"start":{"line":4,"column":23},"end":{"line":8,"column":2}},"line":4},"1":{"name":"getPath","decl":{"start":{"line":10,"column":16},"end":{"line":10,"column":40}},"loc":{"start":{"line":10,"column":16},"end":{"line":10,"column":40}},"line":10},"2":{"name":"generateString","decl":{"start":{"line":12,"column":23},"end":{"line":30,"column":2}},"loc":{"start":{"line":12,"column":23},"end":{"line":30,"column":2}},"line":12},"3":{"name":"formatTreeToPlain","decl":{"start":{"line":32,"column":27},"end":{"line":58,"column":2}},"loc":{"start":{"line":32,"column":27},"end":{"line":58,"column":2}},"line":32},"4":{"name":"iter","decl":{"start":{"line":34,"column":15},"end":{"line":55,"column":4}},"loc":{"start":{"line":34,"column":15},"end":{"line":55,"column":4}},"line":34}},"f":{"0":22,"1":18,"2":11,"3":1,"4":5}}
,"/Users/new/Documents/project-2/my-project-2/frontend-project-lvl2/src/formatters/stylish.js": {"path":"/Users/new/Documents/project-2/my-project-2/frontend-project-lvl2/src/formatters/stylish.js","all":false,"statementMap":{"0":{"start":{"line":1,"column":0},"end":{"line":1,"column":49}},"1":{"start":{"line":2,"column":0},"end":{"line":2,"column":0}},"2":{"start":{"line":3,"column":0},"end":{"line":3,"column":53}},"3":{"start":{"line":4,"column":0},"end":{"line":4,"column":0}},"4":{"start":{"line":5,"column":0},"end":{"line":5,"column":60}},"5":{"start":{"line":6,"column":0},"end":{"line":6,"column":0}},"6":{"start":{"line":7,"column":0},"end":{"line":7,"column":72}},"7":{"start":{"line":8,"column":0},"end":{"line":8,"column":0}},"8":{"start":{"line":9,"column":0},"end":{"line":9,"column":80}},"9":{"start":{"line":10,"column":0},"end":{"line":10,"column":32}},"10":{"start":{"line":11,"column":0},"end":{"line":11,"column":22}},"11":{"start":{"line":12,"column":0},"end":{"line":12,"column":0}},"12":{"start":{"line":13,"column":0},"end":{"line":13,"column":37}},"13":{"start":{"line":14,"column":0},"end":{"line":14,"column":30}},"14":{"start":{"line":15,"column":0},"end":{"line":15,"column":17}},"15":{"start":{"line":16,"column":0},"end":{"line":16,"column":3}},"16":{"start":{"line":17,"column":0},"end":{"line":17,"column":0}},"17":{"start":{"line":18,"column":0},"end":{"line":18,"column":34}},"18":{"start":{"line":19,"column":0},"end":{"line":19,"column":34}},"19":{"start":{"line":20,"column":0},"end":{"line":20,"column":30}},"20":{"start":{"line":21,"column":0},"end":{"line":21,"column":26}},"21":{"start":{"line":22,"column":0},"end":{"line":22,"column":65}},"22":{"start":{"line":23,"column":0},"end":{"line":23,"column":17}},"23":{"start":{"line":24,"column":0},"end":{"line":24,"column":16}},"24":{"start":{"line":25,"column":0},"end":{"line":25,"column":8}},"25":{"start":{"line":26,"column":0},"end":{"line":26,"column":4}},"26":{"start":{"line":27,"column":0},"end":{"line":27,"column":0}},"27":{"start":{"line":28,"column":0},"end":{"line":28,"column":77}},"28":{"start":{"line":29,"column":0},"end":{"line":29,"column":2}},"29":{"start":{"line":30,"column":0},"end":{"line":30,"column":0}},"30":{"start":{"line":31,"column":0},"end":{"line":31,"column":65}},"31":{"start":{"line":32,"column":0},"end":{"line":32,"column":19}},"32":{"start":{"line":33,"column":0},"end":{"line":33,"column":20}},"33":{"start":{"line":34,"column":0},"end":{"line":34,"column":0}},"34":{"start":{"line":35,"column":0},"end":{"line":35,"column":17}},"35":{"start":{"line":36,"column":0},"end":{"line":36,"column":19}},"36":{"start":{"line":37,"column":0},"end":{"line":37,"column":52}},"37":{"start":{"line":38,"column":0},"end":{"line":38,"column":5}},"38":{"start":{"line":39,"column":0},"end":{"line":39,"column":0}},"39":{"start":{"line":40,"column":0},"end":{"line":40,"column":21}},"40":{"start":{"line":41,"column":0},"end":{"line":41,"column":53}},"41":{"start":{"line":42,"column":0},"end":{"line":42,"column":5}},"42":{"start":{"line":43,"column":0},"end":{"line":43,"column":0}},"43":{"start":{"line":44,"column":0},"end":{"line":44,"column":23}},"44":{"start":{"line":45,"column":0},"end":{"line":45,"column":44}},"45":{"start":{"line":46,"column":0},"end":{"line":46,"column":5}},"46":{"start":{"line":47,"column":0},"end":{"line":47,"column":0}},"47":{"start":{"line":48,"column":0},"end":{"line":48,"column":21}},"48":{"start":{"line":49,"column":0},"end":{"line":49,"column":14}},"49":{"start":{"line":50,"column":0},"end":{"line":50,"column":49}},"50":{"start":{"line":51,"column":0},"end":{"line":51,"column":48}},"51":{"start":{"line":52,"column":0},"end":{"line":52,"column":8}},"52":{"start":{"line":53,"column":0},"end":{"line":53,"column":5}},"53":{"start":{"line":54,"column":0},"end":{"line":54,"column":0}},"54":{"start":{"line":55,"column":0},"end":{"line":55,"column":12}},"55":{"start":{"line":56,"column":0},"end":{"line":56,"column":59}},"56":{"start":{"line":57,"column":0},"end":{"line":57,"column":3}},"57":{"start":{"line":58,"column":0},"end":{"line":58,"column":2}},"58":{"start":{"line":59,"column":0},"end":{"line":59,"column":0}},"59":{"start":{"line":60,"column":0},"end":{"line":60,"column":44}},"60":{"start":{"line":61,"column":0},"end":{"line":61,"column":21}},"61":{"start":{"line":62,"column":0},"end":{"line":62,"column":45}},"62":{"start":{"line":63,"column":0},"end":{"line":63,"column":18}},"63":{"start":{"line":64,"column":0},"end":{"line":64,"column":19}},"64":{"start":{"line":65,"column":0},"end":{"line":65,"column":23}},"65":{"start":{"line":66,"column":0},"end":{"line":66,"column":23}},"66":{"start":{"line":67,"column":0},"end":{"line":67,"column":6}},"67":{"start":{"line":68,"column":0},"end":{"line":68,"column":52}},"68":{"start":{"line":69,"column":0},"end":{"line":69,"column":0}},"69":{"start":{"line":70,"column":0},"end":{"line":70,"column":26}},"70":{"start":{"line":71,"column":0},"end":{"line":71,"column":59}},"71":{"start":{"line":72,"column":0},"end":{"line":72,"column":62}},"72":{"start":{"line":73,"column":0},"end":{"line":73,"column":5}},"73":{"start":{"line":74,"column":0},"end":{"line":74,"column":0}},"74":{"start":{"line":75,"column":0},"end":{"line":75,"column":24}},"75":{"start":{"line":76,"column":0},"end":{"line":76,"column":10}},"76":{"start":{"line":77,"column":0},"end":{"line":77,"column":11}},"77":{"start":{"line":78,"column":0},"end":{"line":78,"column":18}},"78":{"start":{"line":79,"column":0},"end":{"line":79,"column":37}},"79":{"start":{"line":80,"column":0},"end":{"line":80,"column":37}},"80":{"start":{"line":81,"column":0},"end":{"line":81,"column":6}},"81":{"start":{"line":82,"column":0},"end":{"line":82,"column":4}},"82":{"start":{"line":83,"column":0},"end":{"line":83,"column":14}},"83":{"start":{"line":84,"column":0},"end":{"line":84,"column":0}},"84":{"start":{"line":85,"column":0},"end":{"line":85,"column":53}}},"s":{"0":1,"1":1,"2":1,"3":1,"4":1,"5":1,"6":1,"7":1,"8":1,"9":11,"10":1,"11":1,"12":1,"13":37,"14":30,"15":30,"16":7,"17":7,"18":7,"19":7,"20":7,"21":7,"22":9,"23":9,"24":9,"25":7,"26":7,"27":7,"28":7,"29":1,"30":1,"31":18,"32":18,"33":18,"34":18,"35":18,"36":5,"37":5,"38":18,"39":18,"40":2,"41":2,"42":18,"43":18,"44":3,"45":3,"46":18,"47":18,"48":4,"49":4,"50":4,"51":4,"52":4,"53":18,"54":18,"55":18,"56":18,"57":18,"58":1,"59":1,"60":5,"61":18,"62":18,"63":18,"64":18,"65":18,"66":18,"67":18,"68":18,"69":18,"70":4,"71":4,"72":4,"73":14,"74":14,"75":14,"76":14,"77":14,"78":14,"79":14,"80":14,"81":14,"82":1,"83":1,"84":1},"branchMap":{"0":{"type":"branch","line":3,"loc":{"start":{"line":3,"column":19},"end":{"line":3,"column":36}},"locations":[{"start":{"line":3,"column":19},"end":{"line":3,"column":36}}]},"1":{"type":"branch","line":5,"loc":{"start":{"line":5,"column":19},"end":{"line":5,"column":39}},"locations":[{"start":{"line":5,"column":19},"end":{"line":5,"column":39}}]},"2":{"type":"branch","line":7,"loc":{"start":{"line":7,"column":31},"end":{"line":7,"column":51}},"locations":[{"start":{"line":7,"column":31},"end":{"line":7,"column":51}}]},"3":{"type":"branch","line":9,"loc":{"start":{"line":9,"column":23},"end":{"line":11,"column":14}},"locations":[{"start":{"line":9,"column":23},"end":{"line":11,"column":14}}]},"4":{"type":"branch","line":9,"loc":{"start":{"line":9,"column":41},"end":{"line":9,"column":80}},"locations":[{"start":{"line":9,"column":41},"end":{"line":9,"column":80}}]},"5":{"type":"branch","line":9,"loc":{"start":{"line":9,"column":41},"end":{"line":10,"column":26}},"locations":[{"start":{"line":9,"column":41},"end":{"line":10,"column":26}}]},"6":{"type":"branch","line":9,"loc":{"start":{"line":9,"column":41},"end":{"line":11,"column":14}},"locations":[{"start":{"line":9,"column":41},"end":{"line":11,"column":14}}]},"7":{"type":"branch","line":13,"loc":{"start":{"line":13,"column":18},"end":{"line":29,"column":2}},"locations":[{"start":{"line":13,"column":18},"end":{"line":29,"column":2}}]},"8":{"type":"branch","line":14,"loc":{"start":{"line":14,"column":29},"end":{"line":16,"column":3}},"locations":[{"start":{"line":14,"column":29},"end":{"line":16,"column":3}}]},"9":{"type":"branch","line":17,"loc":{"start":{"line":17,"column":-1},"end":{"line":29,"column":2}},"locations":[{"start":{"line":17,"column":-1},"end":{"line":29,"column":2}}]},"10":{"type":"branch","line":22,"loc":{"start":{"line":22,"column":5},"end":{"line":25,"column":8}},"locations":[{"start":{"line":22,"column":5},"end":{"line":25,"column":8}}]},"11":{"type":"branch","line":31,"loc":{"start":{"line":31,"column":21},"end":{"line":58,"column":2}},"locations":[{"start":{"line":31,"column":21},"end":{"line":58,"column":2}}]},"12":{"type":"branch","line":36,"loc":{"start":{"line":36,"column":4},"end":{"line":38,"column":5}},"locations":[{"start":{"line":36,"column":4},"end":{"line":38,"column":5}}]},"13":{"type":"branch","line":40,"loc":{"start":{"line":40,"column":4},"end":{"line":42,"column":5}},"locations":[{"start":{"line":40,"column":4},"end":{"line":42,"column":5}}]},"14":{"type":"branch","line":44,"loc":{"start":{"line":44,"column":4},"end":{"line":46,"column":5}},"locations":[{"start":{"line":44,"column":4},"end":{"line":46,"column":5}}]},"15":{"type":"branch","line":48,"loc":{"start":{"line":48,"column":4},"end":{"line":53,"column":5}},"locations":[{"start":{"line":48,"column":4},"end":{"line":53,"column":5}}]},"16":{"type":"branch","line":55,"loc":{"start":{"line":55,"column":4},"end":{"line":56,"column":14}},"locations":[{"start":{"line":55,"column":4},"end":{"line":56,"column":14}}]},"17":{"type":"branch","line":60,"loc":{"start":{"line":60,"column":19},"end":{"line":82,"column":4}},"locations":[{"start":{"line":60,"column":19},"end":{"line":82,"column":4}}]},"18":{"type":"branch","line":61,"loc":{"start":{"line":61,"column":8},"end":{"line":82,"column":4}},"locations":[{"start":{"line":61,"column":8},"end":{"line":82,"column":4}}]},"19":{"type":"branch","line":70,"loc":{"start":{"line":70,"column":25},"end":{"line":73,"column":5}},"locations":[{"start":{"line":70,"column":25},"end":{"line":73,"column":5}}]},"20":{"type":"branch","line":74,"loc":{"start":{"line":74,"column":-1},"end":{"line":82,"column":4}},"locations":[{"start":{"line":74,"column":-1},"end":{"line":82,"column":4}}]},"21":{"type":"branch","line":85,"loc":{"start":{"line":85,"column":16},"end":{"line":85,"column":53}},"locations":[{"start":{"line":85,"column":16},"end":{"line":85,"column":53}}]}},"b":{"0":[34],"1":[11],"2":[23],"3":[18],"4":[15],"5":[7],"6":[11],"7":[37],"8":[30],"9":[7],"10":[9],"11":[18],"12":[5],"13":[2],"14":[3],"15":[4],"16":[4],"17":[5],"18":[18],"19":[4],"20":[14],"21":[1]},"fnMap":{"0":{"name":"getSpaces","decl":{"start":{"line":3,"column":19},"end":{"line":3,"column":36}},"loc":{"start":{"line":3,"column":19},"end":{"line":3,"column":36}},"line":3},"1":{"name":"getIndent","decl":{"start":{"line":5,"column":19},"end":{"line":5,"column":39}},"loc":{"start":{"line":5,"column":19},"end":{"line":5,"column":39}},"line":5},"2":{"name":"getIndentForUnchanged","decl":{"start":{"line":7,"column":31},"end":{"line":7,"column":51}},"loc":{"start":{"line":7,"column":31},"end":{"line":7,"column":51}},"line":7},"3":{"name":"getRightIndent","decl":{"start":{"line":9,"column":23},"end":{"line":11,"column":14}},"loc":{"start":{"line":9,"column":23},"end":{"line":11,"column":14}},"line":9},"4":{"name":"stringify","decl":{"start":{"line":13,"column":18},"end":{"line":29,"column":2}},"loc":{"start":{"line":13,"column":18},"end":{"line":29,"column":2}},"line":13},"5":{"name":"generateNode","decl":{"start":{"line":31,"column":21},"end":{"line":58,"column":2}},"loc":{"start":{"line":31,"column":21},"end":{"line":58,"column":2}},"line":31},"6":{"name":"formatTree","decl":{"start":{"line":60,"column":19},"end":{"line":82,"column":4}},"loc":{"start":{"line":60,"column":19},"end":{"line":82,"column":4}},"line":60},"7":{"name":"default","decl":{"start":{"line":85,"column":16},"end":{"line":85,"column":53}},"loc":{"start":{"line":85,"column":16},"end":{"line":85,"column":53}},"line":85}},"f":{"0":34,"1":11,"2":23,"3":18,"4":37,"5":18,"6":5,"7":1}}
}
