TN:
SF:__tests__/tests-utils.js
FN:9,getFixturePath
FN:10,readFile
FNF:2
FNH:2
FNDA:8,getFixturePath
FNDA:4,readFile
DA:1,1
DA:2,1
DA:3,1
DA:4,1
DA:5,1
DA:6,1
DA:7,1
DA:8,1
DA:9,1
DA:10,1
LF:10
LH:10
BRDA:9,0,0,8
BRDA:10,1,0,4
BRF:2
BRH:2
end_of_record
TN:
SF:src/index.js
FN:7,getObjectsKeys
FN:9,has
FN:11,generateDifference
FN:14,iter
FN:69,gendiff
FNF:5
FNH:4
FNDA:10,getObjectsKeys
FNDA:62,has
FNDA:2,generateDifference
FNDA:10,iter
FNDA:0,gendiff
DA:1,1
DA:2,1
DA:3,1
DA:4,1
DA:5,1
DA:6,1
DA:7,1
DA:8,1
DA:9,1
DA:10,1
DA:11,1
DA:12,2
DA:13,2
DA:14,2
DA:15,10
DA:16,10
DA:17,10
DA:18,36
DA:19,8
DA:20,8
DA:21,8
DA:22,8
DA:23,8
DA:24,8
DA:25,28
DA:26,36
DA:27,6
DA:28,6
DA:29,6
DA:30,6
DA:31,6
DA:32,6
DA:33,22
DA:34,36
DA:35,4
DA:36,4
DA:37,4
DA:38,4
DA:39,4
DA:40,4
DA:41,18
DA:42,36
DA:43,10
DA:44,10
DA:45,10
DA:46,10
DA:47,10
DA:48,10
DA:49,8
DA:50,8
DA:51,8
DA:52,8
DA:53,8
DA:54,8
DA:55,8
DA:56,8
DA:57,8
DA:58,0
DA:59,0
DA:60,0
DA:61,10
DA:62,10
DA:63,10
DA:64,10
DA:65,2
DA:66,2
DA:67,2
DA:68,1
DA:69,1
DA:70,0
DA:71,0
DA:72,0
DA:73,0
DA:74,1
DA:75,1
LF:75
LH:68
BRDA:7,0,0,10
BRDA:9,1,0,62
BRDA:11,2,0,2
BRDA:14,3,0,10
BRDA:17,4,0,36
BRDA:18,5,0,12
BRDA:18,6,0,8
BRDA:25,7,0,28
BRDA:26,8,0,6
BRDA:33,9,0,22
BRDA:34,10,0,12
BRDA:34,11,0,4
BRDA:41,12,0,18
BRDA:42,13,0,10
BRDA:42,14,0,10
BRDA:49,15,0,8
BRDA:58,16,0,0
BRF:17
BRH:16
end_of_record
TN:
SF:src/parsers.js
FN:5,parse
FNF:1
FNH:1
FNDA:4,parse
DA:1,1
DA:2,1
DA:3,1
DA:4,1
DA:5,1
DA:6,4
DA:7,4
DA:8,4
DA:9,4
DA:10,2
DA:11,2
DA:12,4
DA:13,2
DA:14,2
DA:15,0
DA:16,0
DA:17,0
DA:18,1
DA:19,1
LF:19
LH:16
BRDA:5,0,0,4
BRDA:9,1,0,2
BRDA:12,2,0,0
BRDA:12,3,0,2
BRDA:15,4,0,0
BRF:5
BRH:3
end_of_record
TN:
SF:src/formatters/index.js
FN:5,default
FNF:1
FNH:0
FNDA:0,default
DA:1,1
DA:2,1
DA:3,1
DA:4,1
DA:5,1
DA:6,0
DA:7,0
DA:8,0
DA:9,0
DA:10,0
DA:11,0
DA:12,0
DA:13,0
DA:14,0
LF:14
LH:5
BRF:0
BRH:0
end_of_record
TN:
SF:src/formatters/json.js
FN:1,default
FNF:1
FNH:0
FNDA:0,default
DA:1,1
LF:1
LH:1
BRF:0
BRH:0
end_of_record
TN:
SF:src/formatters/plain.js
FN:4,getPlainValue
FN:10,getPath
FN:12,generateString
FN:32,formatTreeToPlain
FN:34,iter
FNF:5
FNH:5
FNDA:22,getPlainValue
FNDA:18,getPath
FNDA:11,generateString
FNDA:1,formatTreeToPlain
FNDA:5,iter
DA:1,1
DA:2,1
DA:3,1
DA:4,1
DA:5,22
DA:6,22
DA:7,11
DA:8,11
DA:9,1
DA:10,1
DA:11,1
DA:12,1
DA:13,11
DA:14,11
DA:15,11
DA:16,11
DA:17,11
DA:18,11
DA:19,4
DA:20,11
DA:21,11
DA:22,11
DA:23,5
DA:24,11
DA:25,11
DA:26,11
DA:27,2
DA:28,11
DA:29,11
DA:30,11
DA:31,1
DA:32,1
DA:33,1
DA:34,1
DA:35,5
DA:36,18
DA:37,18
DA:38,18
DA:39,18
DA:40,18
DA:41,18
DA:42,18
DA:43,18
DA:44,4
DA:45,4
DA:46,14
DA:47,18
DA:48,11
DA:49,11
DA:50,11
DA:51,11
DA:52,3
DA:53,3
DA:54,3
DA:55,5
DA:56,1
DA:57,1
DA:58,1
DA:59,1
DA:60,1
LF:60
LH:60
BRDA:4,0,0,22
BRDA:5,1,0,4
BRDA:5,2,0,18
BRDA:6,3,0,7
BRDA:6,4,0,11
BRDA:10,5,0,18
BRDA:12,6,0,11
BRDA:18,7,0,4
BRDA:22,8,0,5
BRDA:26,9,0,2
BRDA:32,10,0,1
BRDA:34,11,0,5
BRDA:35,12,0,18
BRDA:43,13,0,4
BRDA:46,14,0,14
BRDA:47,15,0,11
BRDA:52,16,0,3
BRF:17
BRH:17
end_of_record
TN:
SF:src/formatters/stylish.js
FN:3,getSpaces
FN:5,getIndent
FN:7,getIndentForUnchanged
FN:9,getRightIndent
FN:13,stringify
FN:31,generateNode
FN:60,formatTree
FN:85,default
FNF:8
FNH:8
FNDA:34,getSpaces
FNDA:11,getIndent
FNDA:23,getIndentForUnchanged
FNDA:18,getRightIndent
FNDA:37,stringify
FNDA:18,generateNode
FNDA:5,formatTree
FNDA:1,default
DA:1,1
DA:2,1
DA:3,1
DA:4,1
DA:5,1
DA:6,1
DA:7,1
DA:8,1
DA:9,1
DA:10,11
DA:11,1
DA:12,1
DA:13,1
DA:14,37
DA:15,30
DA:16,30
DA:17,7
DA:18,7
DA:19,7
DA:20,7
DA:21,7
DA:22,7
DA:23,9
DA:24,9
DA:25,9
DA:26,7
DA:27,7
DA:28,7
DA:29,7
DA:30,1
DA:31,1
DA:32,18
DA:33,18
DA:34,18
DA:35,18
DA:36,18
DA:37,5
DA:38,5
DA:39,18
DA:40,18
DA:41,2
DA:42,2
DA:43,18
DA:44,18
DA:45,3
DA:46,3
DA:47,18
DA:48,18
DA:49,4
DA:50,4
DA:51,4
DA:52,4
DA:53,4
DA:54,18
DA:55,18
DA:56,18
DA:57,18
DA:58,18
DA:59,1
DA:60,1
DA:61,5
DA:62,18
DA:63,18
DA:64,18
DA:65,18
DA:66,18
DA:67,18
DA:68,18
DA:69,18
DA:70,18
DA:71,4
DA:72,4
DA:73,4
DA:74,14
DA:75,14
DA:76,14
DA:77,14
DA:78,14
DA:79,14
DA:80,14
DA:81,14
DA:82,14
DA:83,1
DA:84,1
DA:85,1
LF:85
LH:85
BRDA:3,0,0,34
BRDA:5,1,0,11
BRDA:7,2,0,23
BRDA:9,3,0,18
BRDA:9,4,0,15
BRDA:9,5,0,7
BRDA:9,6,0,11
BRDA:13,7,0,37
BRDA:14,8,0,30
BRDA:17,9,0,7
BRDA:22,10,0,9
BRDA:31,11,0,18
BRDA:36,12,0,5
BRDA:40,13,0,2
BRDA:44,14,0,3
BRDA:48,15,0,4
BRDA:55,16,0,4
BRDA:60,17,0,5
BRDA:61,18,0,18
BRDA:70,19,0,4
BRDA:74,20,0,14
BRDA:85,21,0,1
BRF:22
BRH:22
end_of_record
